2021-07-29T18:03:25.014Z - info:   [20320] *** FOLDER: d:\MIU\Study\MWA\modern-web-application\side-code ***
2021-07-29T18:03:25.015Z - info:   [20320] AzureReposVSCode/1.161.1 (VSCode 1.58.2; Windows_NT 10.0.19043; Node 14.16.0)
2021-07-29T18:03:25.015Z - debug:  [20320] Looking for an External Context at d:\MIU\Study\MWA\modern-web-application\side-code
2021-07-29T18:03:25.015Z - debug:  [20320] No External Context at d:\MIU\Study\MWA\modern-web-application\side-code
2021-07-29T18:03:25.017Z - debug:  [20320] Looking for TFVC repository at d:\MIU\Study\MWA\modern-web-application\side-code
2021-07-29T18:03:25.017Z - debug:  [20320] TFVC Creating Tfvc object with localPath='undefined'
2021-07-29T18:03:25.017Z - debug:  [20320] Using TFS proxy: 
2021-07-29T18:03:25.018Z - debug:  [20320] TFVC Retrieved from settings; localPath='C:\Program Files (x86)\Microsoft Visual Studio\2019\Enterprise\Common7\IDE\CommonExtensions\Microsoft\TeamFoundation\Team Explorer\TF.exe'
2021-07-29T18:03:25.018Z - debug:  [20320] TFVC Repository created with repositoryRootFolder='d:\MIU\Study\MWA\modern-web-application\side-code'
2021-07-29T18:03:25.019Z - debug:  [20320] TFVC Repository.CheckVersion
2021-07-29T18:03:25.019Z - debug:  [20320] TFVC: tf add -noprompt -?
2021-07-29T18:03:25.028Z - debug:  [20320] TFVC: spawned new process (duration: 9ms)
2021-07-29T18:03:25.031Z - debug:  [20320] TFVC: spawned new process (duration: 2ms)
2021-07-29T18:03:25.377Z - debug:  [20320] TFVC: add exit code: 0 (duration: 358ms)
2021-07-29T18:03:25.377Z - debug:  [20320] TFVC Minimum required version: 14.102.0
2021-07-29T18:03:25.377Z - debug:  [20320] TFVC (TF.exe, TF.cmd) version: 16.170.31227.2
2021-07-29T18:03:25.377Z - debug:  [20320] TFVC Repository.FindWorkspace with localPath='d:\MIU\Study\MWA\modern-web-application\side-code'
2021-07-29T18:03:25.377Z - debug:  [20320] TFVC: tf workfold -noprompt d:\MIU\Study\MWA\modern-web-application\side-code
2021-07-29T18:03:25.380Z - debug:  [20320] TFVC: spawned new process (duration: 3ms)
2021-07-29T18:03:25.528Z - debug:  [20320] TFVC: workfold exit code: 100 (duration: 151ms)
2021-07-29T18:03:25.528Z - debug:  [20320] TFVC errors (via stderr): Unable to determine the source control server.

2021-07-29T18:03:25.528Z - error:  [20320] Could not find a workspace with mappings (e.g., not a TFVC repository, wrong version of TF is being used).
