2021-08-04T18:52:52.625Z - info:   [18944] *** FOLDER: d:\MIU\Study\MWA\modern-web-application\class-coding\ts ***
2021-08-04T18:52:52.626Z - info:   [18944] AzureReposVSCode/1.161.1 (VSCode 1.58.2; Windows_NT 10.0.19043; Node 14.16.0)
2021-08-04T18:52:52.626Z - debug:  [18944] Looking for an External Context at d:\MIU\Study\MWA\modern-web-application\class-coding\ts
2021-08-04T18:52:52.626Z - debug:  [18944] No External Context at d:\MIU\Study\MWA\modern-web-application\class-coding\ts
2021-08-04T18:52:52.635Z - debug:  [18944] Looking for TFVC repository at d:\MIU\Study\MWA\modern-web-application\class-coding\ts
2021-08-04T18:52:52.636Z - debug:  [18944] TFVC Creating Tfvc object with localPath='undefined'
2021-08-04T18:52:52.636Z - debug:  [18944] Using TFS proxy: 
2021-08-04T18:52:52.636Z - debug:  [18944] TFVC Retrieved from settings; localPath='C:\Program Files (x86)\Microsoft Visual Studio\2019\Enterprise\Common7\IDE\CommonExtensions\Microsoft\TeamFoundation\Team Explorer\TF.exe'
2021-08-04T18:52:52.637Z - debug:  [18944] TFVC Repository created with repositoryRootFolder='d:\MIU\Study\MWA\modern-web-application\class-coding\ts'
2021-08-04T18:52:52.637Z - debug:  [18944] TFVC Repository.CheckVersion
2021-08-04T18:52:52.637Z - debug:  [18944] TFVC: tf add -noprompt -?
2021-08-04T18:52:52.646Z - debug:  [18944] TFVC: spawned new process (duration: 8ms)
2021-08-04T18:52:52.656Z - debug:  [18944] TFVC: spawned new process (duration: 9ms)
2021-08-04T18:52:53.143Z - debug:  [18944] TFVC: add exit code: 0 (duration: 506ms)
2021-08-04T18:52:53.143Z - debug:  [18944] TFVC Minimum required version: 14.102.0
2021-08-04T18:52:53.143Z - debug:  [18944] TFVC (TF.exe, TF.cmd) version: 16.170.31227.2
2021-08-04T18:52:53.143Z - debug:  [18944] TFVC Repository.FindWorkspace with localPath='d:\MIU\Study\MWA\modern-web-application\class-coding\ts'
2021-08-04T18:52:53.143Z - debug:  [18944] TFVC: tf workfold -noprompt d:\MIU\Study\MWA\modern-web-application\class-coding\ts
2021-08-04T18:52:53.157Z - debug:  [18944] TFVC: spawned new process (duration: 13ms)
2021-08-04T18:52:53.639Z - debug:  [18944] TFVC: workfold exit code: 100 (duration: 496ms)
2021-08-04T18:52:53.640Z - debug:  [18944] TFVC errors (via stderr): Unable to determine the source control server.

2021-08-04T18:52:53.640Z - error:  [18944] Could not find a workspace with mappings (e.g., not a TFVC repository, wrong version of TF is being used).
