2021-08-06T17:04:45.764Z - info:   [17156] *** FOLDER: d:\MIU\Study\MWA\modern-web-application\class-coding\angular\meanGames02 ***
2021-08-06T17:04:45.764Z - info:   [17156] AzureReposVSCode/1.161.1 (VSCode 1.58.2; Windows_NT 10.0.19043; Node 14.16.0)
2021-08-06T17:04:45.764Z - debug:  [17156] Looking for an External Context at d:\MIU\Study\MWA\modern-web-application\class-coding\angular\meanGames02
2021-08-06T17:04:45.764Z - debug:  [17156] No External Context at d:\MIU\Study\MWA\modern-web-application\class-coding\angular\meanGames02
2021-08-06T17:04:45.770Z - debug:  [17156] Looking for TFVC repository at d:\MIU\Study\MWA\modern-web-application\class-coding\angular\meanGames02
2021-08-06T17:04:45.770Z - debug:  [17156] TFVC Creating Tfvc object with localPath='undefined'
2021-08-06T17:04:45.771Z - debug:  [17156] Using TFS proxy: 
2021-08-06T17:04:45.771Z - debug:  [17156] TFVC Retrieved from settings; localPath='C:\Program Files (x86)\Microsoft Visual Studio\2019\Enterprise\Common7\IDE\CommonExtensions\Microsoft\TeamFoundation\Team Explorer\TF.exe'
2021-08-06T17:04:45.771Z - debug:  [17156] TFVC Repository created with repositoryRootFolder='d:\MIU\Study\MWA\modern-web-application\class-coding\angular\meanGames02'
2021-08-06T17:04:45.771Z - debug:  [17156] TFVC Repository.CheckVersion
2021-08-06T17:04:45.771Z - debug:  [17156] TFVC: tf add -noprompt -?
2021-08-06T17:04:45.796Z - debug:  [17156] TFVC: spawned new process (duration: 24ms)
2021-08-06T17:04:45.802Z - debug:  [17156] TFVC: spawned new process (duration: 6ms)
2021-08-06T17:04:46.219Z - debug:  [17156] TFVC: add exit code: 0 (duration: 447ms)
2021-08-06T17:04:46.219Z - debug:  [17156] TFVC Minimum required version: 14.102.0
2021-08-06T17:04:46.219Z - debug:  [17156] TFVC (TF.exe, TF.cmd) version: 16.170.31227.2
2021-08-06T17:04:46.219Z - debug:  [17156] TFVC Repository.FindWorkspace with localPath='d:\MIU\Study\MWA\modern-web-application\class-coding\angular\meanGames02'
2021-08-06T17:04:46.219Z - debug:  [17156] TFVC: tf workfold -noprompt d:\MIU\Study\MWA\modern-web-application\class-coding\angular\meanGames02
2021-08-06T17:04:46.225Z - debug:  [17156] TFVC: spawned new process (duration: 5ms)
2021-08-06T17:04:46.388Z - debug:  [17156] TFVC: workfold exit code: 100 (duration: 169ms)
2021-08-06T17:04:46.388Z - debug:  [17156] TFVC errors (via stderr): Unable to determine the source control server.

2021-08-06T17:04:46.388Z - error:  [17156] Could not find a workspace with mappings (e.g., not a TFVC repository, wrong version of TF is being used).
