2021-08-05T14:58:34.478Z - info:   [15604] *** FOLDER: d:\MIU\Study\MWA\modern-web-application\assignments\Week 3_Day 03\meanGames ***
2021-08-05T14:58:34.479Z - info:   [15604] AzureReposVSCode/1.161.1 (VSCode 1.58.2; Windows_NT 10.0.19043; Node 14.16.0)
2021-08-05T14:58:34.480Z - debug:  [15604] Looking for an External Context at d:\MIU\Study\MWA\modern-web-application\assignments\Week 3_Day 03\meanGames
2021-08-05T14:58:34.481Z - debug:  [15604] No External Context at d:\MIU\Study\MWA\modern-web-application\assignments\Week 3_Day 03\meanGames
2021-08-05T14:58:34.526Z - debug:  [15604] Looking for TFVC repository at d:\MIU\Study\MWA\modern-web-application\assignments\Week 3_Day 03\meanGames
2021-08-05T14:58:34.527Z - debug:  [15604] TFVC Creating Tfvc object with localPath='undefined'
2021-08-05T14:58:34.528Z - debug:  [15604] Using TFS proxy: 
2021-08-05T14:58:34.529Z - debug:  [15604] TFVC Retrieved from settings; localPath='C:\Program Files (x86)\Microsoft Visual Studio\2019\Enterprise\Common7\IDE\CommonExtensions\Microsoft\TeamFoundation\Team Explorer\TF.exe'
2021-08-05T14:58:34.531Z - debug:  [15604] TFVC Repository created with repositoryRootFolder='d:\MIU\Study\MWA\modern-web-application\assignments\Week 3_Day 03\meanGames'
2021-08-05T14:58:34.533Z - debug:  [15604] TFVC Repository.CheckVersion
2021-08-05T14:58:34.534Z - debug:  [15604] TFVC: tf add -noprompt -?
2021-08-05T14:58:34.631Z - debug:  [15604] TFVC: spawned new process (duration: 96ms)
2021-08-05T14:58:34.710Z - debug:  [15604] TFVC: spawned new process (duration: 77ms)
2021-08-05T14:58:35.367Z - debug:  [15604] TFVC: add exit code: 0 (duration: 833ms)
2021-08-05T14:58:35.367Z - debug:  [15604] TFVC Minimum required version: 14.102.0
2021-08-05T14:58:35.368Z - debug:  [15604] TFVC (TF.exe, TF.cmd) version: 16.170.31227.2
2021-08-05T14:58:35.368Z - debug:  [15604] TFVC Repository.FindWorkspace with localPath='d:\MIU\Study\MWA\modern-web-application\assignments\Week 3_Day 03\meanGames'
2021-08-05T14:58:35.368Z - debug:  [15604] TFVC: tf workfold -noprompt d:\MIU\Study\MWA\modern-web-application\assignments\Week 3_Day 03\meanGames
2021-08-05T14:58:35.374Z - debug:  [15604] TFVC: spawned new process (duration: 6ms)
2021-08-05T14:58:35.588Z - debug:  [15604] TFVC: workfold exit code: 100 (duration: 220ms)
2021-08-05T14:58:35.589Z - debug:  [15604] TFVC errors (via stderr): Unable to determine the source control server.

2021-08-05T14:58:35.589Z - error:  [15604] Could not find a workspace with mappings (e.g., not a TFVC repository, wrong version of TF is being used).
2021-08-06T17:12:07.408Z - info:   [08768] *** FOLDER: d:\MIU\Study\MWA\modern-web-application\class-coding\angular\meanGames02\mean-games ***
2021-08-06T17:12:07.408Z - info:   [08768] AzureReposVSCode/1.161.1 (VSCode 1.59.0; Windows_NT 10.0.19043; Node 14.16.0)
2021-08-06T17:12:07.409Z - debug:  [08768] Looking for an External Context at d:\MIU\Study\MWA\modern-web-application\class-coding\angular\meanGames02\mean-games
2021-08-06T17:12:07.409Z - debug:  [08768] No External Context at d:\MIU\Study\MWA\modern-web-application\class-coding\angular\meanGames02\mean-games
2021-08-06T17:12:07.418Z - debug:  [08768] Looking for TFVC repository at d:\MIU\Study\MWA\modern-web-application\class-coding\angular\meanGames02\mean-games
2021-08-06T17:12:07.418Z - debug:  [08768] TFVC Creating Tfvc object with localPath='undefined'
2021-08-06T17:12:07.418Z - debug:  [08768] Using TFS proxy: 
2021-08-06T17:12:07.418Z - debug:  [08768] TFVC Retrieved from settings; localPath='C:\Program Files (x86)\Microsoft Visual Studio\2019\Enterprise\Common7\IDE\CommonExtensions\Microsoft\TeamFoundation\Team Explorer\TF.exe'
2021-08-06T17:12:07.419Z - debug:  [08768] TFVC Repository created with repositoryRootFolder='d:\MIU\Study\MWA\modern-web-application\class-coding\angular\meanGames02\mean-games'
2021-08-06T17:12:07.419Z - debug:  [08768] TFVC Repository.CheckVersion
2021-08-06T17:12:07.419Z - debug:  [08768] TFVC: tf add -noprompt -?
2021-08-06T17:12:07.431Z - debug:  [08768] TFVC: spawned new process (duration: 11ms)
2021-08-06T17:12:07.438Z - debug:  [08768] TFVC: spawned new process (duration: 7ms)
2021-08-06T17:12:07.798Z - debug:  [08768] TFVC: add exit code: 0 (duration: 379ms)
2021-08-06T17:12:07.798Z - debug:  [08768] TFVC Minimum required version: 14.102.0
2021-08-06T17:12:07.798Z - debug:  [08768] TFVC (TF.exe, TF.cmd) version: 16.170.31227.2
2021-08-06T17:12:07.799Z - debug:  [08768] TFVC Repository.FindWorkspace with localPath='d:\MIU\Study\MWA\modern-web-application\class-coding\angular\meanGames02\mean-games'
2021-08-06T17:12:07.799Z - debug:  [08768] TFVC: tf workfold -noprompt d:\MIU\Study\MWA\modern-web-application\class-coding\angular\meanGames02\mean-games
2021-08-06T17:12:07.805Z - debug:  [08768] TFVC: spawned new process (duration: 6ms)
2021-08-06T17:12:08.029Z - debug:  [08768] TFVC: workfold exit code: 100 (duration: 230ms)
2021-08-06T17:12:08.029Z - debug:  [08768] TFVC errors (via stderr): Unable to determine the source control server.

2021-08-06T17:12:08.029Z - error:  [08768] Could not find a workspace with mappings (e.g., not a TFVC repository, wrong version of TF is being used).
2021-08-06T18:05:47.544Z - debug:  [08768] Reinitializing due to onDidChangeConfiguration
2021-08-06T18:05:47.547Z - debug:  [08768] Polling interval value (minutes): 5
2021-08-06T18:05:47.547Z - debug:  [08768] Polling interval must be greater than 10 minutes.
2021-08-06T18:05:47.549Z - info:   [08768] *** FOLDER: d:\MIU\Study\MWA\modern-web-application\class-coding\angular\meanGames02\mean-games ***
2021-08-06T18:05:47.549Z - info:   [08768] AzureReposVSCode/1.161.1 (VSCode 1.59.0; Windows_NT 10.0.19043; Node 14.16.0)
2021-08-06T18:05:47.550Z - debug:  [08768] Looking for an External Context at d:\MIU\Study\MWA\modern-web-application\class-coding\angular\meanGames02\mean-games
2021-08-06T18:05:47.550Z - debug:  [08768] No External Context at d:\MIU\Study\MWA\modern-web-application\class-coding\angular\meanGames02\mean-games
2021-08-06T18:05:47.557Z - debug:  [08768] Reinitializing due to onDidChangeConfiguration
2021-08-06T18:05:47.558Z - debug:  [08768] Polling interval value (minutes): 5
2021-08-06T18:05:47.558Z - debug:  [08768] Polling interval must be greater than 10 minutes.
2021-08-06T18:05:47.559Z - info:   [08768] *** FOLDER: d:\MIU\Study\MWA\modern-web-application\class-coding\angular\meanGames02\mean-games ***
2021-08-06T18:05:47.559Z - info:   [08768] AzureReposVSCode/1.161.1 (VSCode 1.59.0; Windows_NT 10.0.19043; Node 14.16.0)
2021-08-06T18:05:47.559Z - debug:  [08768] Looking for an External Context at d:\MIU\Study\MWA\modern-web-application\class-coding\angular\meanGames02\mean-games
2021-08-06T18:05:47.559Z - debug:  [08768] No External Context at d:\MIU\Study\MWA\modern-web-application\class-coding\angular\meanGames02\mean-games
2021-08-06T18:05:47.565Z - debug:  [08768] Looking for TFVC repository at d:\MIU\Study\MWA\modern-web-application\class-coding\angular\meanGames02\mean-games
2021-08-06T18:05:47.565Z - debug:  [08768] TFVC Creating Tfvc object with localPath='undefined'
2021-08-06T18:05:47.566Z - debug:  [08768] Using TFS proxy: 
2021-08-06T18:05:47.566Z - debug:  [08768] TFVC Retrieved from settings; localPath='C:\Program Files (x86)\Microsoft Visual Studio\2019\Enterprise\Common7\IDE\CommonExtensions\Microsoft\TeamFoundation\Team Explorer\TF.exe'
2021-08-06T18:05:47.566Z - debug:  [08768] TFVC Repository created with repositoryRootFolder='d:\MIU\Study\MWA\modern-web-application\class-coding\angular\meanGames02\mean-games'
2021-08-06T18:05:47.566Z - debug:  [08768] TFVC Repository.CheckVersion
2021-08-06T18:05:47.567Z - debug:  [08768] TFVC: tf add -noprompt -?
2021-08-06T18:05:47.567Z - debug:  [08768] Looking for TFVC repository at d:\MIU\Study\MWA\modern-web-application\class-coding\angular\meanGames02\mean-games
2021-08-06T18:05:47.567Z - debug:  [08768] TFVC Creating Tfvc object with localPath='undefined'
2021-08-06T18:05:47.567Z - debug:  [08768] Using TFS proxy: 
2021-08-06T18:05:47.567Z - debug:  [08768] TFVC Retrieved from settings; localPath='C:\Program Files (x86)\Microsoft Visual Studio\2019\Enterprise\Common7\IDE\CommonExtensions\Microsoft\TeamFoundation\Team Explorer\TF.exe'
2021-08-06T18:05:47.568Z - debug:  [08768] TFVC Repository created with repositoryRootFolder='d:\MIU\Study\MWA\modern-web-application\class-coding\angular\meanGames02\mean-games'
2021-08-06T18:05:47.568Z - debug:  [08768] TFVC Repository.CheckVersion
2021-08-06T18:05:47.568Z - debug:  [08768] TFVC: tf add -noprompt -?
2021-08-06T18:05:47.583Z - debug:  [08768] TFVC: spawned new process (duration: 15ms)
2021-08-06T18:05:47.583Z - debug:  [08768] TFVC: spawned new process (duration: 7ms)
2021-08-06T18:05:50.887Z - debug:  [08768] TFVC: add exit code: 1073807364 (duration: 3320ms)
2021-08-06T18:05:50.888Z - debug:  [08768] TFVC: add exit code: 1073807364 (duration: 3320ms)
2021-08-06T18:05:50.888Z - debug:  [08768] TFVC errors (via stdout): Microsoft (R) TF - Team Foundation Version Control Tool, Version 16.170.31227.2
Copyright (c) Microsoft Corporation.  All rights reserved.

Adds new files and folders from a local file system location to Team Foundation
version control.

tf vc add [itemspec] [/lock:(none|checkin|checkout)] [/encoding:filetype]
          [/noprompt] [/recursive] [/noignore] [/login:username,[password]]

2021-08-06T18:05:50.889Z - debug:  [08768] TFVC errors (via stdout): Microsoft (R) TF - Team Foundation Version Control Tool, Version 16.170.31227.2
Copyright (c) Microsoft Corporation.  All rights reserved.

Adds new files and folders from a local file system location to Team Foundation
version control.

tf vc add [itemspec] [/lock:(none|checkin|checkout)] [/encoding:filetype]
          [/noprompt] [/recursive] [/noignore] [/login:username,[password]]

2021-08-06T18:05:50.889Z - error:  [08768] Execution of the TFVC command line failed unexpectedly.
2021-08-06T18:05:50.890Z - error:  [08768] Execution of the TFVC command line failed unexpectedly.
2021-08-10T14:43:19.058Z - info:   [07908] *** FOLDER: d:\MIU\Study\MWA\modern-web-application\class-coding\angular\meanGames02\mean-games ***
2021-08-10T14:43:19.058Z - info:   [07908] AzureReposVSCode/1.161.1 (VSCode 1.59.0; Windows_NT 10.0.19043; Node 14.16.0)
2021-08-10T14:43:19.059Z - debug:  [07908] Looking for an External Context at d:\MIU\Study\MWA\modern-web-application\class-coding\angular\meanGames02\mean-games
2021-08-10T14:43:19.059Z - debug:  [07908] No External Context at d:\MIU\Study\MWA\modern-web-application\class-coding\angular\meanGames02\mean-games
2021-08-10T14:43:19.065Z - debug:  [07908] Looking for TFVC repository at d:\MIU\Study\MWA\modern-web-application\class-coding\angular\meanGames02\mean-games
2021-08-10T14:43:19.065Z - debug:  [07908] TFVC Creating Tfvc object with localPath='undefined'
2021-08-10T14:43:19.065Z - debug:  [07908] Using TFS proxy: 
2021-08-10T14:43:19.065Z - debug:  [07908] TFVC Retrieved from settings; localPath='C:\Program Files (x86)\Microsoft Visual Studio\2019\Enterprise\Common7\IDE\CommonExtensions\Microsoft\TeamFoundation\Team Explorer\TF.exe'
2021-08-10T14:43:19.067Z - debug:  [07908] TFVC Repository created with repositoryRootFolder='d:\MIU\Study\MWA\modern-web-application\class-coding\angular\meanGames02\mean-games'
2021-08-10T14:43:19.067Z - debug:  [07908] TFVC Repository.CheckVersion
2021-08-10T14:43:19.067Z - debug:  [07908] TFVC: tf add -noprompt -?
2021-08-10T14:43:19.082Z - debug:  [07908] TFVC: spawned new process (duration: 14ms)
2021-08-10T14:43:19.088Z - debug:  [07908] TFVC: spawned new process (duration: 6ms)
2021-08-10T14:43:19.642Z - debug:  [07908] TFVC: add exit code: 0 (duration: 575ms)
2021-08-10T14:43:19.643Z - debug:  [07908] TFVC Minimum required version: 14.102.0
2021-08-10T14:43:19.643Z - debug:  [07908] TFVC (TF.exe, TF.cmd) version: 16.170.31227.2
2021-08-10T14:43:19.643Z - debug:  [07908] TFVC Repository.FindWorkspace with localPath='d:\MIU\Study\MWA\modern-web-application\class-coding\angular\meanGames02\mean-games'
2021-08-10T14:43:19.643Z - debug:  [07908] TFVC: tf workfold -noprompt d:\MIU\Study\MWA\modern-web-application\class-coding\angular\meanGames02\mean-games
2021-08-10T14:43:19.651Z - debug:  [07908] TFVC: spawned new process (duration: 7ms)
2021-08-10T14:43:19.846Z - debug:  [07908] TFVC: workfold exit code: 100 (duration: 203ms)
2021-08-10T14:43:19.846Z - debug:  [07908] TFVC errors (via stderr): Unable to determine the source control server.

2021-08-10T14:43:19.847Z - error:  [07908] Could not find a workspace with mappings (e.g., not a TFVC repository, wrong version of TF is being used).
